每日一句已存在,不需要重复插入--->2020/2/22 23:16:024
每日一句插入成功--->2020/2/23 10:42:010
每日一句已存在,不需要重复插入--->2020/2/23 10:42:019
每日一句已存在,不需要重复插入--->2020/2/23 10:52:054
每日一句已存在,不需要重复插入--->2020/2/23 17:27:054
每日一句已存在,不需要重复插入--->2020/2/23 22:43:048
每日一句插入成功--->2020/2/24 17:57:013
每日一句插入成功--->2020/2/24 17:57:013
每日一句已存在,不需要重复插入--->2020/2/24 17:57:052
每日一句已存在,不需要重复插入--->2020/2/24 18:3:013
每日一句插入成功--->2020/2/27 17:9:014
每日一句插入成功--->2020/2/27 17:9:014
每日一句插入成功--->2020/2/27 17:9:014
每日一句插入成功--->2020/2/27 17:9:014
每日一句已存在,不需要重复插入--->2020/2/27 18:1:04
每日一句已存在,不需要重复插入--->2020/2/27 19:28:045
每日一句已存在,不需要重复插入--->2020/2/27 19:28:057
每日一句已存在,不需要重复插入--->2020/2/27 19:30:013
每日一句已存在,不需要重复插入--->2020/2/27 20:19:034
每日一句插入成功--->2020/2/27 20:20:025
每日一句插入成功--->2020/2/27 20:20:025
每日一句插入成功--->2020/2/27 20:20:025
每日一句插入成功--->2020/2/27 20:26:025
每日一句插入成功--->2020/2/27 20:26:025
每日一句插入成功--->2020/2/27 20:26:025
每日一句插入成功--->2020/2/27 20:26:047
每日一句插入成功--->2020/2/27 20:26:047
每日一句插入成功--->2020/2/27 20:26:047
每日一句已存在,不需要重复插入--->2020/2/27 20:27:00
每日一句已存在,不需要重复插入--->2020/2/27 20:27:011
每日一句已存在,不需要重复插入--->2020/2/27 20:42:02
每日一句插入成功--->2020/2/27 21:34:036
每日一句插入成功--->2020/2/28 13:0:00
每日一句插入成功--->2020-2-29 15:0:30
每日一句插入成功--->2020-3-2 13:55:00
每日一句插入成功--->2020-3-3 14:48:55
每日一句插入成功--->2020-3-4 11:07:00
每日一句更新完成2020-3-5 12:36:00--->2020-3-5 12:36:00
每日一句插入成功--->2020-3-5 12:36:00
每日一句插入成功--->2020-3-6 13:50:00
每日一句插入成功--->2020-3-8 14:19:00
每日一句插入成功--->2020-3-11 10:30:00
每日一句插入成功--->2020-3-12 10:30:00
插入一条浏览记录成功--->2020-3-14 16:28:50
