tag查询博客失败Error: ER_PARSE_ERROR: You have an error in your SQL syntax; check the manual that corresponds to your MySQL server version for the right syntax to use near 'where id = 21 limit 0,3' at line 1--->2020-3-7 14:42:12
tag查询博客失败Error: ER_PARSE_ERROR: You have an error in your SQL syntax; check the manual that corresponds to your MySQL server version for the right syntax to use near 'where id = 21 limit 0,3' at line 1--->2020-3-7 14:42:30
tag查询博客失败Error: ER_PARSE_ERROR: You have an error in your SQL syntax; check the manual that corresponds to your MySQL server version for the right syntax to use near 'where id = 20 limit 0,3' at line 1--->2020-3-7 14:43:11
tag查询博客失败Error: ER_PARSE_ERROR: You have an error in your SQL syntax; check the manual that corresponds to your MySQL server version for the right syntax to use near 'where id = 20 limit 0,3' at line 1--->2020-3-7 14:48:00
tag查询博客失败Error: ER_PARSE_ERROR: You have an error in your SQL syntax; check the manual that corresponds to your MySQL server version for the right syntax to use near 'where id = 20 limit 0,3' at line 1--->2020-3-7 14:51:44
tag查询博客失败Error: ER_PARSE_ERROR: You have an error in your SQL syntax; check the manual that corresponds to your MySQL server version for the right syntax to use near 'where id = 19 or id = 24 or id = 25 limit 0,3' at line 1--->2020-3-7 14:54:08
博客查询失败Error: ER_PARSE_ERROR: You have an error in your SQL syntax; check the manual that corresponds to your MySQL server version for the right syntax to use near '-3' at line 1--->2020-3-7 14:55:19
tag查询博客失败Error: ER_PARSE_ERROR: You have an error in your SQL syntax; check the manual that corresponds to your MySQL server version for the right syntax to use near 'where id = 21 limit 0,3' at line 1--->2020-3-7 14:55:38
tag查询博客失败Error: ER_PARSE_ERROR: You have an error in your SQL syntax; check the manual that corresponds to your MySQL server version for the right syntax to use near 'where id = 19 or id = 24 or id = 25 limit 0,3' at line 1--->2020-3-7 14:55:56
tag查询博客失败Error: ER_PARSE_ERROR: You have an error in your SQL syntax; check the manual that corresponds to your MySQL server version for the right syntax to use near 'where id = 20 limit 0,3' at line 1--->2020-3-7 14:56:20
博客查询失败Error: ER_PARSE_ERROR: You have an error in your SQL syntax; check the manual that corresponds to your MySQL server version for the right syntax to use near '-3' at line 1--->2020-3-7 20:18:30
博客查询失败Error: ER_PARSE_ERROR: You have an error in your SQL syntax; check the manual that corresponds to your MySQL server version for the right syntax to use near '-3' at line 1--->2020-3-7 20:18:43
博客查询失败Error: ER_PARSE_ERROR: You have an error in your SQL syntax; check the manual that corresponds to your MySQL server version for the right syntax to use near '-3' at line 1--->2020-3-7 20:18:57
博客查询失败Error: ER_PARSE_ERROR: You have an error in your SQL syntax; check the manual that corresponds to your MySQL server version for the right syntax to use near '-3' at line 1--->2020-3-7 20:19:20
博客查询失败Error: ER_PARSE_ERROR: You have an error in your SQL syntax; check the manual that corresponds to your MySQL server version for the right syntax to use near '-3' at line 1--->2020-3-8 14:31:29
博客查询失败Error: ER_PARSE_ERROR: You have an error in your SQL syntax; check the manual that corresponds to your MySQL server version for the right syntax to use near '-3' at line 1--->2020-3-8 14:56:39
博客查询失败Error: ER_PARSE_ERROR: You have an error in your SQL syntax; check the manual that corresponds to your MySQL server version for the right syntax to use near '-3' at line 1--->2020-3-8 15:00:13
博客查询失败Error: ER_PARSE_ERROR: You have an error in your SQL syntax; check the manual that corresponds to your MySQL server version for the right syntax to use near '-3' at line 1--->2020-3-8 15:03:09
博客查询失败Error: ER_PARSE_ERROR: You have an error in your SQL syntax; check the manual that corresponds to your MySQL server version for the right syntax to use near '-3' at line 1--->2020-3-8 15:06:37
博客查询失败Error: ER_PARSE_ERROR: You have an error in your SQL syntax; check the manual that corresponds to your MySQL server version for the right syntax to use near '-3' at line 1--->2020-3-8 15:09:03
博客查询失败Error: ER_PARSE_ERROR: You have an error in your SQL syntax; check the manual that corresponds to your MySQL server version for the right syntax to use near '-3' at line 1--->2020-3-8 15:10:24
注册失败Error: ER_WRONG_VALUE_COUNT_ON_ROW: Column count doesn't match value count at row 1--->2020-3-9 0:46:01
注册失败Error: ER_WRONG_VALUE_COUNT_ON_ROW: Column count doesn't match value count at row 1--->2020-3-9 0:49:29
注册失败Error: ER_WRONG_VALUE_COUNT_ON_ROW: Column count doesn't match value count at row 1--->2020-3-9 0:51:10
邮件发送失败Error: connect ETIMEDOUT 183.3.225.42:588--->2020-3-9 16:39:33
评论语句出错Error: ER_NO_DEFAULT_FOR_FIELD: Field 'url_split_str' doesn't have a default value--->2020-3-11 12:25:37
用户搜索用户出错Error: ER_BAD_FIELD_ERROR: Unknown column 'views' in 'order clause'--->2020-3-11 17:22:15
用户搜索用户出错Error: ER_BAD_FIELD_ERROR: Unknown column 'views' in 'order clause'--->2020-3-11 17:22:16
查询评论出错Error: ER_PARSE_ERROR: You have an error in your SQL syntax; check the manual that corresponds to your MySQL server version for the right syntax to use near '-1' at line 1--->2020-3-11 18:17:39
查询评论出错Error: ER_BAD_FIELD_ERROR: Unknown column 'NaN' in 'where clause'--->2020-3-11 18:20:09
查询评论出错Error: ER_PARSE_ERROR: You have an error in your SQL syntax; check the manual that corresponds to your MySQL server version for the right syntax to use near 'where blog_id = -1 limit 0,3' at line 1--->2020-3-12 12:17:58
查询评论出错Error: ER_PARSE_ERROR: You have an error in your SQL syntax; check the manual that corresponds to your MySQL server version for the right syntax to use near 'where blog_id = -1 limit 0,3' at line 1--->2020-3-12 12:18:15
查询评论出错Error: ER_PARSE_ERROR: You have an error in your SQL syntax; check the manual that corresponds to your MySQL server version for the right syntax to use near 'where blog_id = 28 limit 0,5' at line 1--->2020-3-12 12:18:26
查询评论出错Error: ER_PARSE_ERROR: You have an error in your SQL syntax; check the manual that corresponds to your MySQL server version for the right syntax to use near 'where blog_id = 28 limit 5,-5' at line 1--->2020-3-12 12:18:26
查询评论出错Error: ER_PARSE_ERROR: You have an error in your SQL syntax; check the manual that corresponds to your MySQL server version for the right syntax to use near 'where blog_id = -1 limit 0,3' at line 1--->2020-3-12 12:20:15
查询评论出错Error: ER_PARSE_ERROR: You have an error in your SQL syntax; check the manual that corresponds to your MySQL server version for the right syntax to use near 'where blog_id = 28 limit 5,-5' at line 1--->2020-3-12 12:20:26
查询不为-1的评论出错Error: ER_PARSE_ERROR: You have an error in your SQL syntax; check the manual that corresponds to your MySQL server version for the right syntax to use near 'where not blog_id = -1 limit 0,3' at line 1--->2020-3-12 12:21:21
评论语句出错Error: ER_BAD_FIELD_ERROR: Unknown column 'NaN' in 'field list'--->2020-3-12 22:17:17
评论语句出错Error: ER_BAD_FIELD_ERROR: Unknown column 'NaN' in 'field list'--->2020-3-12 22:17:18
评论语句出错Error: ER_BAD_FIELD_ERROR: Unknown column 'NaN' in 'field list'--->2020-3-12 22:17:19
评论语句出错Error: ER_BAD_FIELD_ERROR: Unknown column 'NaN' in 'field list'--->2020-3-12 22:17:19
评论语句出错Error: ER_BAD_FIELD_ERROR: Unknown column 'NaN' in 'field list'--->2020-3-12 22:17:19
评论语句出错Error: ER_BAD_FIELD_ERROR: Unknown column 'NaN' in 'field list'--->2020-3-12 22:17:19
评论语句出错Error: ER_BAD_FIELD_ERROR: Unknown column 'NaN' in 'field list'--->2020-3-12 22:19:17
评论语句出错Error: ER_BAD_FIELD_ERROR: Unknown column 'NaN' in 'field list'--->2020-3-12 22:19:18
评论语句出错Error: ER_BAD_FIELD_ERROR: Unknown column 'NaN' in 'field list'--->2020-3-12 22:19:19
评论语句出错Error: ER_BAD_FIELD_ERROR: Unknown column 'NaN' in 'field list'--->2020-3-12 22:19:19
评论语句出错Error: ER_BAD_FIELD_ERROR: Unknown column 'NaN' in 'field list'--->2020-3-12 22:19:19
评论语句出错Error: ER_BAD_FIELD_ERROR: Unknown column 'NaN' in 'field list'--->2020-3-12 22:19:19
评论语句出错Error: ER_BAD_FIELD_ERROR: Unknown column 'NaN' in 'field list'--->2020-3-12 22:19:57
博客查询失败Error: ER_PARSE_ERROR: You have an error in your SQL syntax; check the manual that corresponds to your MySQL server version for the right syntax to use near '-3' at line 1--->2020-3-12 23:34:25
博客查询失败Error: ER_PARSE_ERROR: You have an error in your SQL syntax; check the manual that corresponds to your MySQL server version for the right syntax to use near '-3' at line 1--->2020-3-12 23:34:35
博客查询失败Error: ER_PARSE_ERROR: You have an error in your SQL syntax; check the manual that corresponds to your MySQL server version for the right syntax to use near '-3' at line 1--->2020-3-12 23:34:55
博客查询失败Error: ER_PARSE_ERROR: You have an error in your SQL syntax; check the manual that corresponds to your MySQL server version for the right syntax to use near '-3' at line 1--->2020-3-12 23:35:22
tag查询博客失败Error: ER_PARSE_ERROR: You have an error in your SQL syntax; check the manual that corresponds to your MySQL server version for the right syntax to use near '-3' at line 1--->2020-3-12 23:35:47
博客查询失败Error: ER_PARSE_ERROR: You have an error in your SQL syntax; check the manual that corresponds to your MySQL server version for the right syntax to use near '-3' at line 1--->2020-3-13 15:31:18
